0 info it worked if it ends with ok
1 verbose cli [ '/Users/matthewsmith/.node/bin/node',
1 verbose cli   '/Users/matthewsmith/.node/bin/npm',
1 verbose cli   'run',
1 verbose cli   'start' ]
2 info using npm@3.10.3
3 info using node@v4.4.3
4 verbose run-script [ 'prestart', 'start', 'poststart' ]
5 info lifecycle ng-template@1.0.0~prestart: ng-template@1.0.0
6 silly lifecycle ng-template@1.0.0~prestart: no script for prestart, continuing
7 info lifecycle ng-template@1.0.0~start: ng-template@1.0.0
8 verbose lifecycle ng-template@1.0.0~start: unsafe-perm in lifecycle true
9 verbose lifecycle ng-template@1.0.0~start: PATH: /Users/matthewsmith/.node/lib/node_modules/npm/bin/node-gyp-bin:/Users/matthewsmith/Documents/Projects/401/personalPage/muddybeard210.github.io/node_modules/.bin:/Users/matthewsmith/.node/bin:/Users/matthewsmith/.node/bin:/usr/local/bin:/usr/bin:/bin:/usr/sbin:/sbin
10 verbose lifecycle ng-template@1.0.0~start: CWD: /Users/matthewsmith/Documents/Projects/401/personalPage/muddybeard210.github.io
11 silly lifecycle ng-template@1.0.0~start: Args: [ '-c', 'node ./server.js' ]
12 silly lifecycle ng-template@1.0.0~start: Returned: code: 1  signal: null
13 info lifecycle ng-template@1.0.0~start: Failed to exec start script
14 verbose stack Error: ng-template@1.0.0 start: `node ./server.js`
14 verbose stack Exit status 1
14 verbose stack     at EventEmitter.<anonymous> (/Users/matthewsmith/.node/lib/node_modules/npm/lib/utils/lifecycle.js:242:16)
14 verbose stack     at emitTwo (events.js:87:13)
14 verbose stack     at EventEmitter.emit (events.js:172:7)
14 verbose stack     at ChildProcess.<anonymous> (/Users/matthewsmith/.node/lib/node_modules/npm/lib/utils/spawn.js:40:14)
14 verbose stack     at emitTwo (events.js:87:13)
14 verbose stack     at ChildProcess.emit (events.js:172:7)
14 verbose stack     at maybeClose (internal/child_process.js:827:16)
14 verbose stack     at Process.ChildProcess._handle.onexit (internal/child_process.js:211:5)
15 verbose pkgid ng-template@1.0.0
16 verbose cwd /Users/matthewsmith/Documents/Projects/401/personalPage/muddybeard210.github.io
17 error Darwin 16.0.0
18 error argv "/Users/matthewsmith/.node/bin/node" "/Users/matthewsmith/.node/bin/npm" "run" "start"
19 error node v4.4.3
20 error npm  v3.10.3
21 error code ELIFECYCLE
22 error ng-template@1.0.0 start: `node ./server.js`
22 error Exit status 1
23 error Failed at the ng-template@1.0.0 start script 'node ./server.js'.
23 error Make sure you have the latest version of node.js and npm installed.
23 error If you do, this is most likely a problem with the ng-template package,
23 error not with npm itself.
23 error Tell the author that this fails on your system:
23 error     node ./server.js
23 error You can get information on how to open an issue for this project with:
23 error     npm bugs ng-template
23 error Or if that isn't available, you can get their info via:
23 error     npm owner ls ng-template
23 error There is likely additional logging output above.
24 verbose exit [ 1, true ]
